<?xml version="1.0" encoding="UTF-8"?>
<testng-results skipped="1" failed="1" total="9" passed="7">
  <reporter-output>
  </reporter-output>
  <suite name="Sample Suite" duration-ms="1216" started-at="2017-03-05T13:05:03Z" finished-at="2017-03-05T13:05:04Z">
    <groups>
    </groups>
    <test name="DataProviderTest" duration-ms="1141" started-at="2017-03-05T13:05:03Z" finished-at="2017-03-05T13:05:04Z">
      <class name="multipleDataProviders.Login">
        <test-method status="PASS" signature="testLogin(java.lang.String, java.lang.String)[pri:0, instance:multipleDataProviders.Login@12c8a2c0]" name="testLogin" duration-ms="1" started-at="2017-03-05T18:35:04Z" data-provider="DataRepository" finished-at="2017-03-05T18:35:04Z">
          <params>
            <param index="0">
              <value>
                <![CDATA[eduCBA]]>
              </value>
            </param>
            <param index="1">
              <value>
                <![CDATA[Welcome@123]]>
              </value>
            </param>
          </params>
          <reporter-output>
          </reporter-output>
        </test-method> <!-- testLogin -->
        <test-method status="PASS" signature="testLogin(java.lang.String, java.lang.String)[pri:0, instance:multipleDataProviders.Login@12c8a2c0]" name="testLogin" duration-ms="0" started-at="2017-03-05T18:35:04Z" data-provider="DataRepository" finished-at="2017-03-05T18:35:04Z">
          <params>
            <param index="0">
              <value>
                <![CDATA[SiliconValley]]>
              </value>
            </param>
            <param index="1">
              <value>
                <![CDATA[Passw0rd@123]]>
              </value>
            </param>
          </params>
          <reporter-output>
          </reporter-output>
        </test-method> <!-- testLogin -->
      </class> <!-- multipleDataProviders.Login -->
      <class name="multipleDataProviders.AddProduct">
        <test-method status="PASS" signature="addProduct(java.lang.String, org.testng.ITestContext)[pri:0, instance:multipleDataProviders.AddProduct@18bf3d14]" name="addProduct" duration-ms="1" started-at="2017-03-05T18:35:04Z" data-provider="DataRepository" finished-at="2017-03-05T18:35:04Z">
          <params>
            <param index="0">
              <value>
                <![CDATA[Apple iPOD]]>
              </value>
            </param>
            <param index="1">
              <value>
                <![CDATA[org.testng.TestRunner@133e16fd]]>
              </value>
            </param>
          </params>
          <reporter-output>
          </reporter-output>
        </test-method> <!-- addProduct -->
        <test-method status="PASS" signature="addProduct(java.lang.String, org.testng.ITestContext)[pri:0, instance:multipleDataProviders.AddProduct@18bf3d14]" name="addProduct" duration-ms="0" started-at="2017-03-05T18:35:04Z" data-provider="DataRepository" finished-at="2017-03-05T18:35:04Z">
          <params>
            <param index="0">
              <value>
                <![CDATA[Samsung Galaxy Tab 3 Neo]]>
              </value>
            </param>
            <param index="1">
              <value>
                <![CDATA[org.testng.TestRunner@133e16fd]]>
              </value>
            </param>
          </params>
          <reporter-output>
          </reporter-output>
        </test-method> <!-- addProduct -->
      </class> <!-- multipleDataProviders.AddProduct -->
      <class name="multipleDataProviders.SearchFunctionality">
        <test-method status="PASS" signature="searchProduct(java.lang.String, org.testng.ITestContext)[pri:0, instance:multipleDataProviders.SearchFunctionality@4fb64261]" name="searchProduct" duration-ms="0" started-at="2017-03-05T18:35:04Z" data-provider="DataRepository" finished-at="2017-03-05T18:35:04Z">
          <params>
            <param index="0">
              <value>
                <![CDATA[Sony CyberShot DSC]]>
              </value>
            </param>
            <param index="1">
              <value>
                <![CDATA[org.testng.TestRunner@133e16fd]]>
              </value>
            </param>
          </params>
          <reporter-output>
          </reporter-output>
        </test-method> <!-- searchProduct -->
        <test-method status="PASS" signature="searchProduct(java.lang.String, org.testng.ITestContext)[pri:0, instance:multipleDataProviders.SearchFunctionality@4fb64261]" name="searchProduct" duration-ms="0" started-at="2017-03-05T18:35:04Z" data-provider="DataRepository" finished-at="2017-03-05T18:35:04Z">
          <params>
            <param index="0">
              <value>
                <![CDATA[Sennheiser Earphones]]>
              </value>
            </param>
            <param index="1">
              <value>
                <![CDATA[org.testng.TestRunner@133e16fd]]>
              </value>
            </param>
          </params>
          <reporter-output>
          </reporter-output>
        </test-method> <!-- searchProduct -->
      </class> <!-- multipleDataProviders.SearchFunctionality -->
    </test> <!-- DataProviderTest -->
    <test name="Sequence Test" duration-ms="14" started-at="2017-03-05T13:05:04Z" finished-at="2017-03-05T13:05:04Z">
      <class name="TestNGAnnotations.AnnotationSequence">
        <test-method status="PASS" signature="beforeSuite()[pri:0, instance:TestNGAnnotations.AnnotationSequence@24a35978]" name="beforeSuite" is-config="true" duration-ms="13" started-at="2017-03-05T18:35:03Z" finished-at="2017-03-05T18:35:03Z">
          <reporter-output>
          </reporter-output>
        </test-method> <!-- beforeSuite -->
        <test-method status="PASS" signature="beforeTest()[pri:0, instance:TestNGAnnotations.AnnotationSequence@24a35978]" name="beforeTest" is-config="true" duration-ms="0" started-at="2017-03-05T18:35:04Z" finished-at="2017-03-05T18:35:04Z">
          <reporter-output>
          </reporter-output>
        </test-method> <!-- beforeTest -->
        <test-method status="PASS" signature="beforeMethod()[pri:0, instance:TestNGAnnotations.AnnotationSequence@24a35978]" name="beforeMethod" is-config="true" duration-ms="1" started-at="2017-03-05T18:35:04Z" finished-at="2017-03-05T18:35:04Z">
          <reporter-output>
          </reporter-output>
        </test-method> <!-- beforeMethod -->
        <test-method status="FAIL" signature="f1()[pri:0, instance:TestNGAnnotations.AnnotationSequence@24a35978]" name="f1" duration-ms="0" started-at="2017-03-05T18:35:04Z" finished-at="2017-03-05T18:35:04Z">
          <exception class="java.lang.Exception">
            <message>
              <![CDATA[This is custom exception message]]>
            </message>
            <full-stacktrace>
              <![CDATA[java.lang.Exception: This is custom exception message
	at TestNGAnnotations.AnnotationSequence.f1(AnnotationSequence.java:32)
	at sun.reflect.NativeMethodAccessorImpl.invoke0(Native Method)
	at sun.reflect.NativeMethodAccessorImpl.invoke(NativeMethodAccessorImpl.java:62)
	at sun.reflect.DelegatingMethodAccessorImpl.invoke(DelegatingMethodAccessorImpl.java:43)
	at java.lang.reflect.Method.invoke(Method.java:498)
	at org.testng.internal.MethodInvocationHelper.invokeMethod(MethodInvocationHelper.java:85)
	at org.testng.internal.Invoker.invokeMethod(Invoker.java:639)
	at org.testng.internal.Invoker.invokeTestMethod(Invoker.java:816)
	at org.testng.internal.Invoker.invokeTestMethods(Invoker.java:1124)
	at org.testng.internal.TestMethodWorker.invokeTestMethods(TestMethodWorker.java:125)
	at org.testng.internal.TestMethodWorker.run(TestMethodWorker.java:108)
	at java.util.concurrent.ThreadPoolExecutor.runWorker(ThreadPoolExecutor.java:1142)
	at java.util.concurrent.ThreadPoolExecutor$Worker.run(ThreadPoolExecutor.java:617)
	at java.lang.Thread.run(Thread.java:745)
]]>
            </full-stacktrace>
          </exception> <!-- java.lang.Exception -->
          <reporter-output>
          </reporter-output>
        </test-method> <!-- f1 -->
        <test-method status="PASS" signature="afterMethod()[pri:0, instance:TestNGAnnotations.AnnotationSequence@24a35978]" name="afterMethod" is-config="true" duration-ms="0" started-at="2017-03-05T18:35:04Z" finished-at="2017-03-05T18:35:04Z">
          <reporter-output>
          </reporter-output>
        </test-method> <!-- afterMethod -->
        <test-method status="PASS" signature="beforeMethod()[pri:0, instance:TestNGAnnotations.AnnotationSequence@24a35978]" name="beforeMethod" is-config="true" duration-ms="0" started-at="2017-03-05T18:35:04Z" finished-at="2017-03-05T18:35:04Z">
          <reporter-output>
          </reporter-output>
        </test-method> <!-- beforeMethod -->
        <test-method status="SKIP" signature="testingParameters(java.lang.String)[pri:0, instance:TestNGAnnotations.AnnotationSequence@24a35978]" name="testingParameters" duration-ms="1" started-at="2017-03-05T18:35:04Z" finished-at="2017-03-05T18:35:04Z">
          <params>
            <param index="0">
              <value>
                <![CDATA[DefaultProduct]]>
              </value>
            </param>
          </params>
          <exception class="org.testng.SkipException">
            <message>
              <![CDATA[This is custom Skip exception message]]>
            </message>
            <full-stacktrace>
              <![CDATA[org.testng.SkipException: This is custom Skip exception message
	at TestNGAnnotations.AnnotationSequence.testingParameters(AnnotationSequence.java:72)
	at sun.reflect.NativeMethodAccessorImpl.invoke0(Native Method)
	at sun.reflect.NativeMethodAccessorImpl.invoke(NativeMethodAccessorImpl.java:62)
	at sun.reflect.DelegatingMethodAccessorImpl.invoke(DelegatingMethodAccessorImpl.java:43)
	at java.lang.reflect.Method.invoke(Method.java:498)
	at org.testng.internal.MethodInvocationHelper.invokeMethod(MethodInvocationHelper.java:85)
	at org.testng.internal.Invoker.invokeMethod(Invoker.java:639)
	at org.testng.internal.Invoker.invokeTestMethod(Invoker.java:816)
	at org.testng.internal.Invoker.invokeTestMethods(Invoker.java:1124)
	at org.testng.internal.TestMethodWorker.invokeTestMethods(TestMethodWorker.java:125)
	at org.testng.internal.TestMethodWorker.run(TestMethodWorker.java:108)
	at java.util.concurrent.ThreadPoolExecutor.runWorker(ThreadPoolExecutor.java:1142)
	at java.util.concurrent.ThreadPoolExecutor$Worker.run(ThreadPoolExecutor.java:617)
	at java.lang.Thread.run(Thread.java:745)
]]>
            </full-stacktrace>
          </exception> <!-- org.testng.SkipException -->
          <reporter-output>
          </reporter-output>
        </test-method> <!-- testingParameters -->
        <test-method status="PASS" signature="afterMethod()[pri:0, instance:TestNGAnnotations.AnnotationSequence@24a35978]" name="afterMethod" is-config="true" duration-ms="0" started-at="2017-03-05T18:35:04Z" finished-at="2017-03-05T18:35:04Z">
          <reporter-output>
          </reporter-output>
        </test-method> <!-- afterMethod -->
        <test-method status="PASS" signature="beforeMethod()[pri:0, instance:TestNGAnnotations.AnnotationSequence@24a35978]" name="beforeMethod" is-config="true" duration-ms="0" started-at="2017-03-05T18:35:04Z" finished-at="2017-03-05T18:35:04Z">
          <reporter-output>
          </reporter-output>
        </test-method> <!-- beforeMethod -->
        <test-method status="PASS" signature="f(java.lang.String, java.lang.String, java.lang.String, java.lang.String)[pri:0, instance:TestNGAnnotations.AnnotationSequence@24a35978]" name="f" duration-ms="1" started-at="2017-03-05T18:35:04Z" finished-at="2017-03-05T18:35:04Z">
          <params>
            <param index="0">
              <value>
                <![CDATA[Sony PS4]]>
              </value>
            </param>
            <param index="1">
              <value>
                <![CDATA[black]]>
              </value>
            </param>
            <param index="2">
              <value>
                <![CDATA[AX-400]]>
              </value>
            </param>
            <param index="3">
              <value>
                <![CDATA[2015]]>
              </value>
            </param>
          </params>
          <reporter-output>
          </reporter-output>
        </test-method> <!-- f -->
        <test-method status="PASS" signature="afterMethod()[pri:0, instance:TestNGAnnotations.AnnotationSequence@24a35978]" name="afterMethod" is-config="true" duration-ms="0" started-at="2017-03-05T18:35:04Z" finished-at="2017-03-05T18:35:04Z">
          <reporter-output>
          </reporter-output>
        </test-method> <!-- afterMethod -->
        <test-method status="PASS" signature="afterTest()[pri:0, instance:TestNGAnnotations.AnnotationSequence@24a35978]" name="afterTest" is-config="true" duration-ms="1" started-at="2017-03-05T18:35:04Z" finished-at="2017-03-05T18:35:04Z">
          <reporter-output>
          </reporter-output>
        </test-method> <!-- afterTest -->
        <test-method status="PASS" signature="AfterSuite()[pri:0, instance:TestNGAnnotations.AnnotationSequence@24a35978]" name="AfterSuite" is-config="true" duration-ms="1" started-at="2017-03-05T18:35:04Z" finished-at="2017-03-05T18:35:04Z">
          <reporter-output>
          </reporter-output>
        </test-method> <!-- AfterSuite -->
      </class> <!-- TestNGAnnotations.AnnotationSequence -->
    </test> <!-- Sequence Test -->
  </suite> <!-- Sample Suite -->
</testng-results>
